==== UPTIME ====
 20:08:17 up 3 days,  9:49,  1 user,  load average: 0.00, 0.01, 0.00
==== KERNEL ====
Linux portenta-x8-2e2c1209dabc240b 5.10.93-lmp-standard #1 SMP PREEMPT Thu Jan 20 20:01:30 UTC 2022 aarch64 aarch64 aarch64 GNU/Linux
==== OS-RELEASE ====
NAME="Linux-microPlatform XWayland"
VERSION="4.0.3-674-88"
PRETTY_NAME="Linux-microPlatform XWayland 4.0.3-674-88"
==== UPTIME-PROC ====
294558.94 1172597.43
==== DMESG (errors/warnings, last boot) ====
[Wed May  4 10:19:00 2022] sdhci-esdhc-imx 30b50000.mmc: voltage-ranges unspecified
[Wed May  4 10:19:00 2022] sdhci-esdhc-imx 30b60000.mmc: voltage-ranges unspecified
[Wed May  4 10:19:00 2022] galcore: clk_get vg clock failed, disable vg!
[Wed May  4 10:19:00 2022] usb_phy_generic usbphynop1: supply vcc not found, using dummy regulator
[Wed May  4 10:19:00 2022] usb_phy_generic usbphynop2: supply vcc not found, using dummy regulator
[Wed May  4 10:19:00 2022] imx6q-pcie 33800000.pcie: supply epdev_on not found, using dummy regulator
[Wed May  4 10:19:00 2022] imx_sec_dsim_drv 32e10000.mipi_dsi: Failed to attach bridge: 32e10000.mipi_dsi
[Wed May  4 10:19:00 2022] imx_sec_dsim_drv 32e10000.mipi_dsi: failed to bind sec dsim bridge: -517
[Wed May  4 10:19:00 2022] fec 30be0000.ethernet: Invalid MAC address: 00:00:00:00:00:00
[Wed May  4 10:19:00 2022] imx6q-pcie 33800000.pcie: invalid resource
[Wed May  4 10:19:00 2022] imx_usb 32e50000.usb: No over current polarity defined
[Wed May  4 10:19:00 2022] sdhci-esdhc-imx 30b40000.mmc: voltage-ranges unspecified
[Wed May  4 10:19:00 2022] sdhci-esdhc-imx 30b50000.mmc: voltage-ranges unspecified
[Wed May  4 10:19:01 2022] mmc0: queuing unknown CIS tuple 0x80 (2 bytes)
[Wed May  4 10:19:01 2022] imx_sec_dsim_drv 32e10000.mipi_dsi: Failed to attach bridge: 32e10000.mipi_dsi
[Wed May  4 10:19:01 2022] imx_sec_dsim_drv 32e10000.mipi_dsi: failed to bind sec dsim bridge: -517
[Wed May  4 10:19:01 2022] mmc0: queuing unknown CIS tuple 0x80 (3 bytes)
[Wed May  4 10:19:01 2022] mmc0: queuing unknown CIS tuple 0x80 (3 bytes)
[Wed May  4 10:19:01 2022] mmc0: queuing unknown CIS tuple 0x80 (7 bytes)
[Wed May  4 10:19:01 2022] imx_sec_dsim_drv 32e10000.mipi_dsi: Failed to attach bridge: 32e10000.mipi_dsi
[Wed May  4 10:19:01 2022] mmc0: queuing unknown CIS tuple 0x80 (3 bytes)
[Wed May  4 10:19:01 2022] imx_sec_dsim_drv 32e10000.mipi_dsi: failed to bind sec dsim bridge: -517
[Wed May  4 10:19:01 2022] mmc0: queuing unknown CIS tuple 0x80 (6 bytes)
[Wed May  4 10:19:01 2022] imx_sec_dsim_drv 32e10000.mipi_dsi: Failed to attach bridge: 32e10000.mipi_dsi
[Wed May  4 10:19:01 2022] imx_sec_dsim_drv 32e10000.mipi_dsi: failed to bind sec dsim bridge: -517
[Wed May  4 10:19:01 2022] imx_sec_dsim_drv 32e10000.mipi_dsi: Failed to attach bridge: 32e10000.mipi_dsi
[Wed May  4 10:19:01 2022] imx_sec_dsim_drv 32e10000.mipi_dsi: failed to bind sec dsim bridge: -517
[Wed May  4 10:19:01 2022] imx6q-pcie 33800000.pcie: failed to initialize host
[Wed May  4 10:19:01 2022] imx6q-pcie 33800000.pcie: unable to add pcie port.
[Wed May  4 10:19:02 2022] e2fsck: otaroot: recovering journal
                           otaroot: clean, 27838/3678592 files, 687823/3799552 blocks
[Wed May  4 10:19:04 2022] anx7625: loading out-of-tree module taints kernel.
[Wed May  4 10:19:05 2022] hci_uart_bcm serial0-0: supply vbat not found, using dummy regulator
[Wed May  4 10:19:05 2022] hci_uart_bcm serial0-0: supply vddio not found, using dummy regulator
[Wed May  4 10:19:05 2022] hci_uart_bcm serial0-0: No reset resource, using default baud rate
[Wed May  4 10:19:05 2022] FAT-fs (mmcblk2p1): Volume was not properly unmounted. Some data may be corrupt. Please run fsck.
[Wed May  4 10:19:05 2022] mxc_mipi-csi 32e30000.mipi_csi: supply mipi-phy not found, using dummy regulator
[Wed May  4 10:19:05 2022] brcmfmac mmc0:0001:1: Direct firmware load for brcm/brcmfmac43430-sdio.fsl,imx8mm-evk.txt failed with error -2
[Wed May  4 10:19:21 2022] cs42l52 2-004a: Failed to apply regmap patch: -6
[Wed May  4 10:19:21 2022] cs42l52 2-004a: CS42L52 Device ID (80). Expected E0
==== X8H7 MODULES ====
Module                  Size  Used by
x8h7_adc               16384  0
x8h7_can               20480  0
x8h7_drv               16384  8 x8h7_ui,x8h7_h7,x8h7_can,x8h7_gpio,x8h7_rtc,x8h7_pwm,x8h7_adc,x8h7_uart
x8h7_gpio              20480  1
x8h7_h7                16384  0
x8h7_pwm               16384  0
x8h7_rtc               16384  0
x8h7_uart              16384  0
x8h7_ui                16384  0
==== X8H7 FW VERSION (5s timeout) ====
cat: /sys/kernel/x8h7_firmware/version: Connection timed out
<read failed/timeout>
==== M4_PROXY ====
active
active
==== GPIO CHIPS ====
gpiochip0
gpiochip128
gpiochip160
gpiochip32
gpiochip64
gpiochip96
==== EXPORTED GPIOS ====
gpio10
gpio15
gpio8
==== SWD-RELEVANT GPIOS (8/10/15) STATE ====
gpio8 dir=out val=0
gpio10 dir=out val=1
gpio15 dir=out val=0
==== /dev/ttymxc3 PRESENT ====
crw-rw---- 1 root dialout 207, 19 May  7 06:36 /dev/ttymxc3
==== USB DEVICES ====
1-0:1.0
1-1
1-1:1.0
usb1
==== USB IDs ====
1-1 0424:2514 
usb1 1d6b:0002 EHCI Host Controller
==== WATCHDOG ====
/dev/watchdog
/dev/watchdog0
==== DISK ====
Filesystem      Size  Used Avail Use% Mounted on
/dev/mmcblk2p2   14G  1.8G   12G  14% /
/dev/mmcblk2p2   14G  1.8G   12G  14% /var
==== MEMORY ====
               total        used        free      shared  buff/cache   available
Mem:            1954         311        1059          36         583        1582
Swap:           1908           0        1908
==== LOAD ====
0.00 0.01 0.00 1/252 225348
==== END ====
